Tracker: http://localhost:7788
Total: 13627 | Already checked: 549 | Remaining: 13078
Rate limited. Waiting 60 minutes...
Tracker: http://localhost:7788
Total: 13627 | Already checked: 549 | Remaining: 13078
FLAG [letter avatar]: Banago - Libertad Jeep Terminal
FLAG [1 face(s)]: Shopping - Northbound (Burgos) Jeep Terminal
FLAG [letter avatar]: Shopping - Northbound (Burgos) Jeep Terminal
FLAG [2 face(s)]: Van-vans Downtown Tacloban Terminal
FLAG [1 face(s)]: BIR
FLAG [1 face(s)]: BIR
FLAG [1 face(s)]: Bus Terminal
FLAG [1 face(s)]: Gil Puyat
FLAG [letter avatar]: Gaisano Mall Bus Stop
FLAG [letter avatar]: Gaisano Mall Bus Stop
FLAG [1 face(s)]: Davao City Overland Transport Terminal
FLAG [2 face(s)]: Davao City Overland Transport Terminal
FLAG [1 face(s)]: SM Davao Van Transit Station
FLAG [letter avatar]: Philtranco Service Enterprise, Incorporated@Davao City
FLAG [1 face(s)]: Philtranco Service Enterprise, Incorporated@Davao City
FLAG [1 face(s)]: Lanang Bus Stop
[599/13627] flagged: 161
FLAG [letter avatar]: Lanang Bus Stop
FLAG [1 face(s)]: Quimpo Blvd / Tulip Dr
FLAG [1 face(s)]: Bulua - Highway Jeepney Stop
FLAG [1 face(s)]: LIBONA PUJ TERMINAL
FLAG [1 face(s)]: Bulihan - Alabang Jeepney Terminal
FLAG [1 face(s)]: De Oro Home Plus Jeepney Stop, Bulua
FLAG [letter avatar]: Rural Transit/ Bachelor Express Bus Depot
FLAG [letter avatar]: Rural Transit/ Bachelor Express Bus Depot
FLAG [1 face(s)]: Westbound Public Market
FLAG [1 face(s)]: Westbound Public Market
FLAG [1 face(s)]: Dipolog City Bus Terminal
FLAG [letter avatar]: Cotabato bus terminal. Sprunkitown/Oppu Route
FLAG [1 face(s)]: Cotabato bus terminal. Sprunkitown/Oppu Route
FLAG [1 face(s)]: Cotabato bus terminal. Sprunkitown/Oppu Route
FLAG [letter avatar]: General Santos City Van Terminal
FLAG [1 face(s)]: Bunawan via Buhangin
[649/13627] flagged: 177
FLAG [1 face(s)]: North Bound Terminal
FLAG [1 face(s)]: North Bound Terminal
FLAG [1 face(s)]: Eastwood Ferry Station
FLAG [letter avatar]: Eastwood Ferry Station
FLAG [1 face(s)]: Pasig River Ferry-Malacanang Palace
FLAG [1 face(s)]: Hulo - Poblacion Tawiran Port
FLAG [1 face(s)]: Manila
[699/13627] flagged: 184
FLAG [1 face(s)]: Port of Allen
FLAG [2 face(s)]: STA Ana
FLAG [1 face(s)]: 10th Avenue/Caloocan High School
FLAG [2 face(s)]: 10th Avenue/Caloocan High School
FLAG [5 face(s)]: Robinsons Place Imus
FLAG [letter avatar]: Solid Star Bus Terminal
FLAG [letter avatar]: Solid Star Bus Terminal
[749/13627] flagged: 191
FLAG [1 face(s)]: Balibago Jeepney Station
FLAG [3 face(s)]: Don Antonio
FLAG [2 face(s)]: Jeep Terminal (Tejero to Dasma Pala-pala, Manggahan Gen. Trias)
FLAG [letter avatar]: Silang - Tagaytay Jeepney Station
FLAG [1 face(s)]: Sucat - Pacita (San Pedro, Laguna) via SLEX Jeepney Terminal
FLAG [1 face(s)]: 5 Stars Terminal Bus Stop
FLAG [1 face(s), letter avatar]: 670 Epifanio de los Santos Ave, Malibay, Pasay, 1300 Metro Manila, Philippines
FLAG [1 face(s)]: 670 Epifanio de los Santos Ave, Malibay, Pasay, 1300 Metro Manila, Philippines
[799/13627] flagged: 199
FLAG [letter avatar]: Jeepney Terminal
FLAG [letter avatar]: Partas Bus-Terminal
FLAG [letter avatar]: Tricycle Terminal
FLAG [letter avatar]: Lucnab PUJ Terminal
FLAG [1 face(s)]: A. Mendoza Boulevard/Central Market
FLAG [letter avatar]: canocotan bus stop
FLAG [1 face(s)]: Digos City Bus Terminal
FLAG [letter avatar]: Lingayen Bus Station
FLAG [1 face(s)]: Greenbelt 1
[849/13627] flagged: 208
FLAG [1 face(s)]: Motorpool Terminal
FLAG [letter avatar]: Motorpool Terminal
FLAG [letter avatar]: Motorpool Terminal
FLAG [1 face(s)]: Sablan PUJ Terminal
FLAG [1 face(s)]: Sablan PUJ Terminal
FLAG [letter avatar]: Sablan PUJ Terminal
FLAG [letter avatar]: Tam-Awan PUJ Terminal
FLAG [letter avatar]: Morong Bus Terminal
FLAG [2 face(s)]: Arayat - Jeepney Terminal
FLAG [1 face(s)]: Patling Jeepney Station
FLAG [1 face(s)]: Patling Jeepney Station
FLAG [letter avatar]: Marisol - Pampang Terminal
FLAG [1 face(s)]: Olongapo Bus Terminal
[899/13627] flagged: 221
FLAG [letter avatar]: Villa Pampang Terminal
FLAG [1 face(s)]: Balatero
FLAG [letter avatar]: Blue Jeepney Terminal
FLAG [1 face(s)]: Bunawan via Sasa
FLAG [letter avatar]: Santa Lucia Jeepney Terminal
FLAG [1 face(s)]: Santa Lucia Jeepney Terminal
FLAG [2 face(s), letter avatar]: Santa Lucia Jeepney Terminal
FLAG [1 face(s)]: Malabanan Jeepney Terminal
FLAG [letter avatar]: Malabanan Jeepney Terminal
FLAG [letter avatar]: Malabanan Jeepney Terminal
FLAG [letter avatar]: FX Terminal
FLAG [letter avatar]: FX Terminal
FLAG [letter avatar]: FX Terminal
FLAG [1 face(s)]: FX Terminal
FLAG [letter avatar]: Norzagaray - Sta. Maria JODA
FLAG [letter avatar]: VSMM Tricycle Terminal
FLAG [letter avatar]: VSMM Tricycle Terminal
FLAG [letter avatar]: UV Express Terminal
FLAG [letter avatar]: UV Express Terminal
FLAG [1 face(s)]: LJODA Terminal
[949/13627] flagged: 241
FLAG [letter avatar]: Batangas Express / KL Liner
FLAG [2 face(s)]: Talaga
FLAG [letter avatar]: Talaga
FLAG [1 face(s)]: Lemery Jeepney Terminal
FLAG [letter avatar]: Lemery Jeepney Terminal
FLAG [letter avatar]: Lemery Jeepney Terminal
FLAG [letter avatar]: Lemery Jeepney Terminal
FLAG [letter avatar]: Bogo Bus Terminal
FLAG [1 face(s)]: Nato
FLAG [1 face(s)]: Nato
[999/13627] flagged: 251
FLAG [1 face(s)]: Sabang Port Terminal
FLAG [1 face(s)]: Azucena
FLAG [1 face(s)]: Superlines Bus Station
FLAG [1 face(s)]: Fastcraft Terminal
FLAG [7 face(s)]: Santos Homes
FLAG [6 face(s)]: Santos Homes
FLAG [1 face(s)]: Concepcion Jeepney Terminal
[1049/13627] flagged: 258
FLAG [letter avatar]: Maya Bus Terminal
FLAG [1 face(s)]: Maya Bus Terminal
FLAG [letter avatar]: Parkmall - Liloan Jeepney terminal
FLAG [1 face(s)]: Loon
FLAG [letter avatar]: Panoolan Stop
Rate limited. Waiting 60 minutes...
FLAG [letter avatar]: Parkmall - Lapu-lapu City Public market jeepney terminal
[1099/13627] flagged: 264
FLAG [2 face(s)]: Bien Unido
FLAG [letter avatar]: Tacloban Pumboat Ferry Terminal
FLAG [1 face(s)]: Butuan Jeepney Terminal
FLAG [1 face(s)]: 3rd Manchester
[1149/13627] flagged: 268
FLAG [1 face(s)]: Cerilles Bus station
FLAG [4 face(s)]: Pagadian Integrated Bus & Jeepney Terminal
FLAG [1 face(s)]: Pagadian Integrated Bus & Jeepney Terminal
FLAG [2 face(s)]: Flash Express Bangui
FLAG [1 face(s)]: EDSA Pioneer Pasig Pateros Jeepney Terminal
FLAG [2 face(s)]: Judge D. Jimenez Street & Kamuning Road
FLAG [2 face(s)]: Victory Liner Cauayan Terminal
FLAG [1 face(s)]: Jolo
FLAG [1 face(s)]: Jolo
FLAG [1 face(s)]: Mardanas Dock
[1199/13627] flagged: 278
FLAG [letter avatar]: Bangui
FLAG [1 face(s)]: Victory Liner Terninal San Jose Nueva Ecija
FLAG [1 face(s)]: Boni/Mandaluyong Elementary School
FLAG [1 face(s)]: Boni/Mandaluyong Elementary School
FLAG [1 face(s)]: Florida/Porac Jeepney Terminal
FLAG [1 face(s)]: San Pablo-Candelaria Jeepney Terminal
FLAG [letter avatar]: Tanauan - San Pablo Jeep Terminal
FLAG [3 face(s)]: Quezon Jeepney Terminal
FLAG [1 face(s)]: Quezon Jeepney Terminal
FLAG [6 face(s)]: Apacible-Merced
FLAG [letter avatar]: Dimple Star Bus Terminal
FLAG [1 face(s)]: Dimple Star Bus Terminal
FLAG [letter avatar]: Jeepney Terminal
[1249/13627] flagged: 291
FLAG [letter avatar]: Motorpool/Swamp Terminal
FLAG [1 face(s)]: Motorpool/Swamp Terminal
FLAG [1 face(s)]: San Jose-Roxas Van Terminal
FLAG [1 face(s)]: Presentacion Jeepney Terminal
FLAG [2 face(s)]: El Nido Bus Terminal
FLAG [1 face(s), letter avatar]: Rotunda Bus Stop
FLAG [letter avatar]: Rotunda Bus Stop
FLAG [2 face(s)]: Kalibo- Banga Transport Terminal
FLAG [1 face(s)]: Kalibo- Banga Transport Terminal
FLAG [letter avatar]: Kalibo- Banga Transport Terminal
FLAG [letter avatar]: Kalibo- Banga Transport Terminal
FLAG [1 face(s)]: UV Express Terminal
[1299/13627] flagged: 303
FLAG [1 face(s)]: Bus Stop Bato
FLAG [1 face(s)]: Kabankalan Ceres Bus Terminal
FLAG [1 face(s)]: Kabankalan Ceres Bus Terminal
FLAG [1 face(s), letter avatar]: Eagle Star Terminal
FLAG [2 face(s)]: Bus stop gingoog
FLAG [2 face(s)]: Gingoog City Integrated Bus Terminal
FLAG [1 face(s)]: Lantapan Bus and Jeepney Terminal
FLAG [letter avatar]: Van Van's Terminal
FLAG [1 face(s)]: Van Van's Terminal
FLAG [6 face(s)]: Pulauan Port Dapitan
FLAG [1 face(s)]: Jeepney Terminal
FLAG [letter avatar]: Jeepney Terminal
FLAG [letter avatar]: Five Star Depot
FLAG [letter avatar]: Five Star Depot
[1349/13627] flagged: 317
FLAG [1 face(s)]: Berberabe Port
FLAG [letter avatar]: Philtranco Bus Terminal
FLAG [1 face(s)]: Iloilo Fastcraft & Roro - Terminal
FLAG [1 face(s)]: Five Star - Anda Terminal
FLAG [letter avatar]: Ana Maria Waiting Shed
FLAG [letter avatar]: Ana Maria Waiting Shed
[1399/13627] flagged: 323
FLAG [1 face(s)]: Mangrove River Paddle Boat
FLAG [1 face(s)]: Aguilar PUJ Terminal
FLAG [3 face(s)]: Gerona Bus Stop
FLAG [letter avatar]: Peñafrancia - Gubat Terminal
FLAG [letter avatar]: Pangpang Pier
FLAG [1 face(s)]: Pangpang Pier
FLAG [1 face(s)]: Boni/Paraiso
FLAG [1 face(s)]: Boni/Paraiso
FLAG [1 face(s)]: Port of San Jacinto
[1449/13627] flagged: 332
FLAG [1 face(s)]: Brgy. Mabini Terminal
FLAG [2 face(s)]: Judge D. Jimenez Street & Magsaysay Avenue
FLAG [4 face(s)]: Poso
FLAG [1 face(s)]: Villareal
FLAG [1 face(s)]: Pavillion
FLAG [1 face(s)]: Brgy. San Pedro, Molo Terminal
FLAG [letter avatar]: Brgy. San Pedro, Molo Terminal
[1499/13627] flagged: 339
FLAG [1 face(s)]: Cabatuan Terminal
FLAG [1 face(s)]: Padada Transport Terminal
FLAG [letter avatar]: Valley Golf Shuttle Station
FLAG [letter avatar]: Valley Golf Shuttle Station
FLAG [letter avatar]: T'Boli Public Terminal
FLAG [letter avatar]: Tumana-Balara Jeepney Terminal
FLAG [letter avatar]: Salawag Depot
[1549/13627] flagged: 346
FLAG [1 face(s)]: Terminal de Cagay
FLAG [1 face(s)]: Tatakkan, Jump Off to Patukan
FLAG [letter avatar]: Tatakkan, Jump Off to Patukan
FLAG [letter avatar]: Brookside Terminal
FLAG [letter avatar]: DALIN Bus Line
FLAG [1 face(s)]: Cape Engaño
FLAG [2 face(s)]: FLORIDA BUS
[1599/13627] flagged: 353
FLAG [1 face(s)]: GV Florida (Santa Ana to Manila) & GMV (Santa Ana to Baguio via Laoag) Bus Terminal
FLAG [letter avatar]: AMA East Rizal Campus
FLAG [letter avatar]: AMA East Rizal Campus
FLAG [letter avatar]: Solid North - Asingan Terminal
FLAG [1 face(s)]: Angeles, Guagua, Palawi - Jeepney Termial
FLAG [1 face(s)]: Dalin Bus Line/Universal Guiding Star
Rate limited. Waiting 60 minutes...
FLAG [2 face(s)]: Avenida
FLAG [letter avatar]: Avenida
FLAG [2 face(s)]: Avida Sola Tower 1
FLAG [letter avatar]: Avida Sola Tower 1
FLAG [1 face(s)]: Apacible/Justo Lukban Elementary School
[1649/13627] flagged: 364
FLAG [1 face(s)]: San Pablo
FLAG [1 face(s)]: Mahipon
FLAG [1 face(s)]: SM Rosales
FLAG [2 face(s)]: SM Rosales
FLAG [1 face(s)]: C. Benitez/Santolan
FLAG [1 face(s)]: Crossing Telabastagan
FLAG [2 face(s)]: BGC Bus - EDSA Terminal
FLAG [2 face(s)]: BGC Bus - EDSA Terminal
FLAG [letter avatar]: Boton St / San Perdro St
FLAG [letter avatar]: Boton St / San Perdro St
[1699/13627] flagged: 374
FLAG [2 face(s)]: First North Luzon Transit - Arayat Terminal
FLAG [1 face(s), letter avatar]: First North Luzon Transit - Arayat Terminal
FLAG [2 face(s)]: JoGrad bus stop
FLAG [1 face(s)]: Quirino Highway & Baesa Town Center
FLAG [1 face(s)]: Ybanag
FLAG [letter avatar]: Mcl Bus Terminal
FLAG [2 face(s)]: Bataan Transit - San Fernando Terminal
FLAG [letter avatar]: Cacarong Matanda Jeepney Terminal
[1749/13627] flagged: 382
FLAG [1 face(s)]: UV Expresss Terminal
FLAG [1 face(s)]: UV Expresss Terminal
FLAG [1 face(s)]: UV Expresss Terminal
FLAG [1 face(s)]: DLTB Bus Company
FLAG [1 face(s)]: Ever Jeepney Terminal
FLAG [2 face(s)]: Ortigas Avenue Extension/Palmera Hills
FLAG [3 face(s)]: Salitran Bridge
FLAG [1 face(s)]: Buena Oro Jeepney Terminal
FLAG [1 face(s)]: Buena Oro Jeepney Terminal
FLAG [letter avatar]: Buena Oro Jeepney Terminal
FLAG [6 face(s)]: Hulong Duhat Plaza
FLAG [1 face(s)]: Hulong Duhat Plaza
[1799/13627] flagged: 394
FLAG [letter avatar]: Romualdez - Little Baguio
FLAG [1 face(s)]: Cubao - Divisoria Jeepney Terminal
FLAG [1 face(s)]: PUC-Balintawak Jeepney Terminal
FLAG [letter avatar]: First North Luzon Transit - Caloocan Station
FLAG [3 face(s)]: Market! Market!
FLAG [letter avatar]: Bonifacio Stopover
FLAG [letter avatar]: Elvinda
FLAG [letter avatar]: Elvinda
FLAG [1 face(s)]: Jeepney Terminal
FLAG [1 face(s)]: NoMo
[1849/13627] flagged: 404
FLAG [letter avatar]: C-5–Ortigas
FLAG [1 face(s)]: Eva Macapagal Super Terminal
FLAG [4 face(s)]: SPCBA
FLAG [4 face(s)]: SPCBA
FLAG [1 face(s)]: Ferry boat Tawiran
FLAG [1 face(s)]: Enderun Colleges
FLAG [2 face(s)]: JAM Liner
FLAG [5 face(s)]: JAM Liner
FLAG [1 face(s)]: Avida Vita Tower 2
[1899/13627] flagged: 413
FLAG [letter avatar]: Almanza
FLAG [2 face(s)]: Revilla Business Park
FLAG [1 face(s)]: Bagumbayan Jeepney Terminal
FLAG [1 face(s)]: Station 1
FLAG [1 face(s)]: Zeus
FLAG [1 face(s)]: Quirino/MIA Road
FLAG [5 face(s)]: MOA/South Wing
FLAG [2 face(s)]: MOA/South Wing
FLAG [letter avatar]: EDSA Busway
FLAG [letter avatar]: EDSA Busway
FLAG [1 face(s)]: Bicutan Exit
[1949/13627] flagged: 424
FLAG [2 face(s)]: MOA/North Wing Terminal
FLAG [1 face(s)]: MOA/North Wing Terminal
FLAG [1 face(s)]: Taft Avenue/LRT Vito Cruz Station
FLAG [2 face(s)]: NAIA Terminal 3 Arrivals Bay 5
FLAG [2 face(s)]: SM Megamall
FLAG [2 face(s)]: SM Megamall
FLAG [2 face(s)]: SM Megamall
FLAG [2 face(s)]: Alabang South Station Jeepney Unloading Area
[1999/13627] flagged: 432
FLAG [1 face(s)]: FTI Integrated Transport Terminal
FLAG [1 face(s)]: Calinan Public Market Jeepney Stop
FLAG [1 face(s)]: Calinan Public Market Jeepney Stop
FLAG [2 face(s)]: Calinan Public Market Jeepney Stop
FLAG [letter avatar]: Crossing Bagbaguin
FLAG [letter avatar]: Crossing Bagbaguin
FLAG [1 face(s)]: High Park Tower 2
[2049/13627] flagged: 439
FLAG [1 face(s)]: North Station
FLAG [2 face(s)]: Narra Street & Tanguile Street
FLAG [2 face(s)]: Commonwealth Avenue & Litex
FLAG [4 face(s)]: Commonwealth Avenue & Litex
[2099/13627] flagged: 443
FLAG [letter avatar]: J. President's Ave/Elizalde
FLAG [2 face(s)]: Balut
FLAG [2 face(s)]: Balut
FLAG [1 face(s)]: St. Joseph/Puregold
FLAG [1 face(s)]: Veraville 1/Aurora Drive
FLAG [letter avatar]: Civic Drive (near Festival Alabang South Wing)
FLAG [letter avatar]: Colegio de San Benildo-Rizal
[2149/13627] flagged: 450
FLAG [1 face(s)]: K-5th Street & Tomas Morato Elementary School
FLAG [2 face(s)]: Bulacan Street & West Avenue
FLAG [2 face(s)]: West Avenue & Bulacan Street
FLAG [1 face(s)]: Laon Laan Street/Instruccion Street
Rate limited. Waiting 60 minutes...
Tracker: http://localhost:7788
Error: read ECONNRESET
    at C:\Users\jj\Downloads\cook\node_modules\pg-pool\index.js:45:11
    at process.processTicksAndRejections (node:internal/process/task_queues:104:5)
    at async runScan (C:\Users\jj\Downloads\cook\scripts\face_scan_runner.js:296:15) {
  errno: -4077,
  code: 'ECONNRESET',
  syscall: 'read'
}
Tracker: http://localhost:7788
Total: 13627 | Already checked: 13627 | Remaining: 0

Done! Checked: 13627 | Flagged: 770
Open http://localhost:7788 to review and delete flagged images.
Tracker: http://localhost:7788
Error: read ECONNRESET
    at C:\Users\jj\Downloads\cook\node_modules\pg-pool\index.js:45:11
    at process.processTicksAndRejections (node:internal/process/task_queues:104:5)
    at async runScan (C:\Users\jj\Downloads\cook\scripts\face_scan_runner.js:296:15) {
  errno: -4077,
  code: 'ECONNRESET',
  syscall: 'read'
}
Listing all images from Cloudinary...
Tracker: http://localhost:7788
  Cloudinary page 1: 325 images listed so far
Image list cached to disk (325 images)
Total Cloudinary images: 325
Enriching with terminal names...
Total: 325 | Already checked: 14125 | Remaining: 319

Done! Checked: 14444 | Flagged: 458
Open http://localhost:7788 to review and delete flagged images.
Listing all images from Cloudinary...
Using cached image list: 325 images
Tracker: http://localhost:7788
Total Cloudinary images: 325
Enriching with terminal names...
Total: 325 | Already checked: 14444 | Remaining: 0

Done! Checked: 14444 | Flagged: 458
Open http://localhost:7788 to review and delete flagged images.
Listing all images from Cloudinary...
Using cached image list: 7717 images
node:events:486
      throw er; // Unhandled 'error' event
      ^

Error: listen EADDRINUSE: address already in use :::7788
    at Server.setupListenHandle [as _listen2] (node:net:1948:16)
    at listenInCluster (node:net:2005:12)
    at Server.listen (node:net:2110:7)
    at Object.<anonymous> (C:\Users\jj\Downloads\cook\scripts\face_scan_runner.js:228:4)
    at Module._compile (node:internal/modules/cjs/loader:1812:14)
    at Object..js (node:internal/modules/cjs/loader:1943:10)
    at Module.load (node:internal/modules/cjs/loader:1533:32)
    at Module._load (node:internal/modules/cjs/loader:1335:12)
    at wrapModuleLoad (node:internal/modules/cjs/loader:255:19)
    at Module.executeUserEntryPoint [as runMain] (node:internal/modules/run_main:154:5)
Emitted 'error' event on Server instance at:
    at emitErrorNT (node:net:1984:8)
    at process.processTicksAndRejections (node:internal/process/task_queues:90:21) {
  code: 'EADDRINUSE',
  errno: -4091,
  syscall: 'listen',
  address: '::',
  port: 7788
}

Node.js v24.14.0
Listing all images from Cloudinary...
Using cached image list: 7717 images
node:events:486
      throw er; // Unhandled 'error' event
      ^

Error: listen EADDRINUSE: address already in use :::7788
    at Server.setupListenHandle [as _listen2] (node:net:1948:16)
    at listenInCluster (node:net:2005:12)
    at Server.listen (node:net:2110:7)
    at Object.<anonymous> (C:\Users\jj\Downloads\cook\scripts\face_scan_runner.js:228:4)
    at Module._compile (node:internal/modules/cjs/loader:1812:14)
    at Object..js (node:internal/modules/cjs/loader:1943:10)
    at Module.load (node:internal/modules/cjs/loader:1533:32)
    at Module._load (node:internal/modules/cjs/loader:1335:12)
    at wrapModuleLoad (node:internal/modules/cjs/loader:255:19)
    at Module.executeUserEntryPoint [as runMain] (node:internal/modules/run_main:154:5)
Emitted 'error' event on Server instance at:
    at emitErrorNT (node:net:1984:8)
    at process.processTicksAndRejections (node:internal/process/task_queues:90:21) {
  code: 'EADDRINUSE',
  errno: -4091,
  syscall: 'listen',
  address: '::',
  port: 7788
}

Node.js v24.14.0
