
  [32m[1mVITE[22m v8.0.0[39m  [2mready in [0m[1m703[22m[2m[0m ms[22m

  [32m➜[39m  [1mLocal[22m:   [36mhttp://localhost:[1m5173[22m/[39m
[2m  [32m➜[39m  [1mNetwork[22m[2m: use [22m[1m--host[22m[2m to expose[22m
[2m1:29:25 PM[22m [31m[1m[vite][22m[39m [31mhttp proxy error: /api/auth/me[39m
AggregateError [ECONNREFUSED]: 
    at internalConnectMultiple (node:net:1142:49)
    at afterConnectMultiple (node:net:1723:7)
[2m1:29:25 PM[22m [31m[1m[vite][22m[39m [31mhttp proxy error: /api/terminals[39m
AggregateError [ECONNREFUSED]: 
    at internalConnectMultiple (node:net:1142:49)
    at afterConnectMultiple (node:net:1723:7)
[2m1:29:25 PM[22m [31m[1m[vite][22m[39m [31mhttp proxy error: /api/connections[39m
AggregateError [ECONNREFUSED]: 
    at internalConnectMultiple (node:net:1142:49)
    at afterConnectMultiple (node:net:1723:7)
[2m1:29:25 PM[22m [31m[1m[vite][22m[39m [31mhttp proxy error: /api/auth/me[39m
AggregateError [ECONNREFUSED]: 
    at internalConnectMultiple (node:net:1142:49)
    at afterConnectMultiple (node:net:1723:7)
[2m1:29:25 PM[22m [31m[1m[vite][22m[39m [31mhttp proxy error: /api/terminals[39m
AggregateError [ECONNREFUSED]: 
    at internalConnectMultiple (node:net:1142:49)
    at afterConnectMultiple (node:net:1723:7)
[2m1:29:25 PM[22m [31m[1m[vite][22m[39m [31mhttp proxy error: /api/connections[39m
AggregateError [ECONNREFUSED]: 
    at internalConnectMultiple (node:net:1142:49)
    at afterConnectMultiple (node:net:1723:7)
[2m1:29:29 PM[22m [31m[1m[vite][22m[39m [31mhttp proxy error: /api/auth/register[39m
AggregateError [ECONNREFUSED]: 
    at internalConnectMultiple (node:net:1142:49)
    at afterConnectMultiple (node:net:1723:7)
[2m2:33:53 PM[22m [36m[1m[vite][22m[39m [90m[2m(client)[22m[39m [32mhmr update [39m[2m/src/components/MapView.jsx[22m
[2m2:34:07 PM[22m [36m[1m[vite][22m[39m [90m[2m(client)[22m[39m [32mhmr update [39m[2m/src/components/MapView.jsx[22m
[2m2:39:34 PM[22m [36m[1m[vite][22m[39m [32m.env.local changed, restarting server...[39m
[2m2:39:34 PM[22m [36m[1m[vite][22m[39m server restarted.
